Determining if the pthread_create exist failed with the following output:
Change Dir: /home/ecestudent/catkin_ws/build/CMakeFiles/CMakeTmp

Run Build Command:/usr/bin/make "cmTryCompileExec2272460183/fast"
/usr/bin/make -f CMakeFiles/cmTryCompileExec2272460183.dir/build.make CMakeFiles/cmTryCompileExec2272460183.dir/build
make[1]: Entering directory `/home/ecestudent/catkin_ws/build/CMakeFiles/CMakeTmp'
/usr/bin/cmake -E cmake_progress_report /home/ecestudent/catkin_ws/build/CMakeFiles/CMakeTmp/CMakeFiles 1
Building C object CMakeFiles/cmTryCompileExec2272460183.dir/CheckSymbolExists.c.o
/usr/bin/cc    -o CMakeFiles/cmTryCompileExec2272460183.dir/CheckSymbolExists.c.o   -c /home/ecestudent/catkin_ws/build/CMakeFiles/CMakeTmp/CheckSymbolExists.c
Linking C executable cmTryCompileExec2272460183
/usr/bin/cmake -E cmake_link_script CMakeFiles/cmTryCompileExec2272460183.dir/link.txt --verbose=1
/usr/bin/cc       CMakeFiles/cmTryCompileExec2272460183.dir/CheckSymbolExists.c.o  -o cmTryCompileExec2272460183 -rdynamic 
CMakeFiles/cmTryCompileExec2272460183.dir/CheckSymbolExists.c.o: In function `main':
CheckSymbolExists.c:(.text+0x16): undefined reference to `pthread_create'
collect2: error: ld returned 1 exit status
make[1]: *** [cmTryCompileExec2272460183] Error 1
make[1]: Leaving directory `/home/ecestudent/catkin_ws/build/CMakeFiles/CMakeTmp'
make: *** [cmTryCompileExec2272460183/fast] Error 2

File /home/ecestudent/catkin_ws/build/CMakeFiles/CMakeTmp/CheckSymbolExists.c:
/* */
#include <pthread.h>

int main(int argc, char** argv)
{
  (void)argv;
#ifndef pthread_create
  return ((int*)(&pthread_create))[argc];
#else
  (void)argc;
  return 0;
#endif
}

Determining if the function pthread_create exists in the pthreads failed with the following output:
Change Dir: /home/ecestudent/catkin_ws/build/CMakeFiles/CMakeTmp

Run Build Command:/usr/bin/make "cmTryCompileExec519407131/fast"
/usr/bin/make -f CMakeFiles/cmTryCompileExec519407131.dir/build.make CMakeFiles/cmTryCompileExec519407131.dir/build
make[1]: Entering directory `/home/ecestudent/catkin_ws/build/CMakeFiles/CMakeTmp'
/usr/bin/cmake -E cmake_progress_report /home/ecestudent/catkin_ws/build/CMakeFiles/CMakeTmp/CMakeFiles 1
Building C object CMakeFiles/cmTryCompileExec519407131.dir/CheckFunctionExists.c.o
/usr/bin/cc   -DCHECK_FUNCTION_EXISTS=pthread_create   -o CMakeFiles/cmTryCompileExec519407131.dir/CheckFunctionExists.c.o   -c /usr/share/cmake-2.8/Modules/CheckFunctionExists.c
Linking C executable cmTryCompileExec519407131
/usr/bin/cmake -E cmake_link_script CMakeFiles/cmTryCompileExec519407131.dir/link.txt --verbose=1
/usr/bin/cc   -DCHECK_FUNCTION_EXISTS=pthread_create    CMakeFiles/cmTryCompileExec519407131.dir/CheckFunctionExists.c.o  -o cmTryCompileExec519407131 -rdynamic -lpthreads 
/usr/bin/ld: cannot find -lpthreads
collect2: error: ld returned 1 exit status
make[1]: *** [cmTryCompileExec519407131] Error 1
make[1]: Leaving directory `/home/ecestudent/catkin_ws/build/CMakeFiles/CMakeTmp'
make: *** [cmTryCompileExec519407131/fast] Error 2


